<?xml version="1.0" encoding="UTF-8"?>
<!-- Generated by org.testng.reporters.JUnitReportReporter -->
<testsuite hostname="DESKTOP-2I8PV8G" failures="0" tests="2" name="com.myTest.LogInTest" time="25.032" errors="0" timestamp="10 Mar 2023 05:51:13 GMT" skipped="0">
  <testcase classname="com.myTest.LogInTest" name="verifyLogInPageTitleTest" time="15.976"/>
  <testcase classname="com.myTest.LogInTest" name="doLogInTest" time="9.056"/>
</testsuite> <!-- com.myTest.LogInTest -->
