<?xml version="1.0" encoding="UTF-8"?>
<!-- Generated by org.testng.reporters.JUnitReportReporter -->
<testsuite hostname="DESKTOP-2I8PV8G" failures="0" tests="2" name="com.myTest.LogInTest" time="32.509" errors="0" timestamp="10 Mar 2023 06:51:07 GMT" skipped="0">
  <testcase classname="com.myTest.LogInTest" name="verifyLogInPageTitleTest" time="13.306"/>
  <testcase classname="com.myTest.LogInTest" name="doLogInTest" time="19.203"/>
</testsuite> <!-- com.myTest.LogInTest -->
